# JRE version: Java(TM) SE Runtime Environment (8.0_92-b14) (build 1.8.0_92-b14)
# Java VM: Java HotSpot(TM) 64-Bit Server VM (25.92-b14 mixed mode linux-amd64 compressed oops)
Heap:
 PSYoungGen      total 267776K, used 13796K [0x00000000d7100000, 0x00000000f5180000, 0x0000000100000000)
  eden space 253952K, 0% used [0x00000000d7100000,0x00000000d7100000,0x00000000e6900000)
  from space 13824K, 99% used [0x00000000e6900000,0x00000000e76791e8,0x00000000e7680000)
  to   space 30720K, 0% used [0x00000000f3380000,0x00000000f3380000,0x00000000f5180000)
 ParOldGen       total 64512K, used 46299K [0x0000000085200000, 0x0000000089100000, 0x00000000d7100000)
  object space 64512K, 71% used [0x0000000085200000,0x0000000087f36f50,0x0000000089100000)
 Metaspace       used 34418K, capacity 35156K, committed 35496K, reserved 1081344K
  class space    used 4234K, capacity 4490K, committed 4520K, reserved 1048576K
GC Heap History (10 events):
Event: 1,693 GC heap after
Heap after GC invocations=4 (full 0):
 PSYoungGen      total 132096K, used 5104K [0x00000000d7100000, 0x00000000df700000, 0x0000000100000000)
  eden space 126976K, 0% used [0x00000000d7100000,0x00000000d7100000,0x00000000ded00000)
  from space 5120K, 99% used [0x00000000df200000,0x00000000df6fc030,0x00000000df700000)
  to   space 5120K, 0% used [0x00000000ded00000,0x00000000ded00000,0x00000000df200000)
 ParOldGen       total 84992K, used 9249K [0x0000000085200000, 0x000000008a500000, 0x00000000d7100000)
  object space 84992K, 10% used [0x0000000085200000,0x0000000085b086a8,0x000000008a500000)
 Metaspace       used 15337K, capacity 15678K, committed 15744K, reserved 1062912K
  class space    used 1819K, capacity 1919K, committed 1920K, reserved 1048576K
}
Event: 4,496 GC heap before
{Heap before GC invocations=5 (full 0):
 PSYoungGen      total 132096K, used 132080K [0x00000000d7100000, 0x00000000df700000, 0x0000000100000000)
  eden space 126976K, 100% used [0x00000000d7100000,0x00000000ded00000,0x00000000ded00000)
  from space 5120K, 99% used [0x00000000df200000,0x00000000df6fc030,0x00000000df700000)
  to   space 5120K, 0% used [0x00000000ded00000,0x00000000ded00000,0x00000000df200000)
 ParOldGen       total 84992K, used 9249K [0x0000000085200000, 0x000000008a500000, 0x00000000d7100000)
  object space 84992K, 10% used [0x0000000085200000,0x0000000085b086a8,0x000000008a500000)
 Metaspace       used 19512K, capacity 20212K, committed 20480K, reserved 1067008K
  class space    used 2297K, capacity 2514K, committed 2560K, reserved 1048576K
Event: 4,512 GC heap after
Heap after GC invocations=5 (full 0):
 PSYoungGen      total 132096K, used 5104K [0x00000000d7100000, 0x00000000e8500000, 0x0000000100000000)
  eden space 126976K, 0% used [0x00000000d7100000,0x00000000d7100000,0x00000000ded00000)
  from space 5120K, 99% used [0x00000000ded00000,0x00000000df1fc010,0x00000000df200000)
  to   space 14336K, 0% used [0x00000000e7700000,0x00000000e7700000,0x00000000e8500000)
 ParOldGen       total 84992K, used 17390K [0x0000000085200000, 0x000000008a500000, 0x00000000d7100000)
  object space 84992K, 20% used [0x0000000085200000,0x00000000862fb948,0x000000008a500000)
 Metaspace       used 19512K, capacity 20212K, committed 20480K, reserved 1067008K
  class space    used 2297K, capacity 2514K, committed 2560K, reserved 1048576K
}
Event: 4,724 GC heap before
{Heap before GC invocations=6 (full 0):
 PSYoungGen      total 132096K, used 59185K [0x00000000d7100000, 0x00000000e8500000, 0x0000000100000000)
  eden space 126976K, 42% used [0x00000000d7100000,0x00000000da5d0478,0x00000000ded00000)
  from space 5120K, 99% used [0x00000000ded00000,0x00000000df1fc010,0x00000000df200000)
  to   space 14336K, 0% used [0x00000000e7700000,0x00000000e7700000,0x00000000e8500000)
 ParOldGen       total 84992K, used 17390K [0x0000000085200000, 0x000000008a500000, 0x00000000d7100000)
  object space 84992K, 20% used [0x0000000085200000,0x00000000862fb948,0x000000008a500000)
 Metaspace       used 20419K, capacity 21092K, committed 21296K, reserved 1069056K
  class space    used 2397K, capacity 2618K, committed 2688K, reserved 1048576K
Event: 4,753 GC heap after
Heap after GC invocations=6 (full 0):
 PSYoungGen      total 267264K, used 8369K [0x00000000d7100000, 0x00000000e8400000, 0x0000000100000000)
  eden space 253952K, 0% used [0x00000000d7100000,0x00000000d7100000,0x00000000e6900000)
  from space 13312K, 62% used [0x00000000e7700000,0x00000000e7f2c688,0x00000000e8400000)
  to   space 13824K, 0% used [0x00000000e6900000,0x00000000e6900000,0x00000000e7680000)
 ParOldGen       total 84992K, used 17390K [0x0000000085200000, 0x000000008a500000, 0x00000000d7100000)
  object space 84992K, 20% used [0x0000000085200000,0x00000000862fb948,0x000000008a500000)
 Metaspace       used 20419K, capacity 21092K, committed 21296K, reserved 1069056K
  class space    used 2397K, capacity 2618K, committed 2688K, reserved 1048576K
}
Event: 4,753 GC heap before
{Heap before GC invocations=7 (full 1):
 PSYoungGen      total 267264K, used 8369K [0x00000000d7100000, 0x00000000e8400000, 0x0000000100000000)
  eden space 253952K, 0% used [0x00000000d7100000,0x00000000d7100000,0x00000000e6900000)
  from space 13312K, 62% used [0x00000000e7700000,0x00000000e7f2c688,0x00000000e8400000)
  to   space 13824K, 0% used [0x00000000e6900000,0x00000000e6900000,0x00000000e7680000)
 ParOldGen       total 84992K, used 17390K [0x0000000085200000, 0x000000008a500000, 0x00000000d7100000)
  object space 84992K, 20% used [0x0000000085200000,0x00000000862fb948,0x000000008a500000)
 Metaspace       used 20419K, capacity 21092K, committed 21296K, reserved 1069056K
  class space    used 2397K, capacity 2618K, committed 2688K, reserved 1048576K
Event: 4,822 GC heap after
Heap after GC invocations=7 (full 1):
 PSYoungGen      total 267264K, used 0K [0x00000000d7100000, 0x00000000e8400000, 0x0000000100000000)
  eden space 253952K, 0% used [0x00000000d7100000,0x00000000d7100000,0x00000000e6900000)
  from space 13312K, 0% used [0x00000000e7700000,0x00000000e7700000,0x00000000e8400000)
  to   space 13824K, 0% used [0x00000000e6900000,0x00000000e6900000,0x00000000e7680000)
 ParOldGen       total 64512K, used 16041K [0x0000000085200000, 0x0000000089100000, 0x00000000d7100000)
  object space 64512K, 24% used [0x0000000085200000,0x00000000861aa5c0,0x0000000089100000)
 Metaspace       used 20419K, capacity 21092K, committed 21296K, reserved 1069056K
  class space    used 2397K, capacity 2618K, committed 2688K, reserved 1048576K
}
Event: 16,075 GC heap before
{Heap before GC invocations=8 (full 1):
 PSYoungGen      total 267264K, used 201661K [0x00000000d7100000, 0x00000000e8400000, 0x0000000100000000)
  eden space 253952K, 79% used [0x00000000d7100000,0x00000000e35ef570,0x00000000e6900000)
  from space 13312K, 0% used [0x00000000e7700000,0x00000000e7700000,0x00000000e8400000)
  to   space 13824K, 0% used [0x00000000e6900000,0x00000000e6900000,0x00000000e7680000)
 ParOldGen       total 64512K, used 16041K [0x0000000085200000, 0x0000000089100000, 0x00000000d7100000)
  object space 64512K, 24% used [0x0000000085200000,0x00000000861aa5c0,0x0000000089100000)
 Metaspace       used 34418K, capacity 35156K, committed 35496K, reserved 1081344K
  class space    used 4234K, capacity 4490K, committed 4520K, reserved 1048576K
Event: 16,121 GC heap after
Heap after GC invocations=8 (full 1):
 PSYoungGen      total 267776K, used 13796K [0x00000000d7100000, 0x00000000f5180000, 0x0000000100000000)
  eden space 253952K, 0% used [0x00000000d7100000,0x00000000d7100000,0x00000000e6900000)
  from space 13824K, 99% used [0x00000000e6900000,0x00000000e76791e8,0x00000000e7680000)
  to   space 30720K, 0% used [0x00000000f3380000,0x00000000f3380000,0x00000000f5180000)
 ParOldGen       total 64512K, used 46299K [0x0000000085200000, 0x0000000089100000, 0x00000000d7100000)
  object space 64512K, 71% used [0x0000000085200000,0x0000000087f36f50,0x0000000089100000)
 Metaspace       used 34418K, capacity 35156K, committed 35496K, reserved 1081344K
  class space    used 4234K, capacity 4490K, committed 4520K, reserved 1048576K
}
Event: 16,121 GC heap before
{Heap before GC invocations=9 (full 2):
 PSYoungGen      total 267776K, used 13796K [0x00000000d7100000, 0x00000000f5180000, 0x0000000100000000)
  eden space 253952K, 0% used [0x00000000d7100000,0x00000000d7100000,0x00000000e6900000)
  from space 13824K, 99% used [0x00000000e6900000,0x00000000e76791e8,0x00000000e7680000)
  to   space 30720K, 0% used [0x00000000f3380000,0x00000000f3380000,0x00000000f5180000)
 ParOldGen       total 64512K, used 46299K [0x0000000085200000, 0x0000000089100000, 0x00000000d7100000)
  object space 64512K, 71% used [0x0000000085200000,0x0000000087f36f50,0x0000000089100000)
 Metaspace       used 34418K, capacity 35156K, committed 35496K, reserved 1081344K
  class space    used 4234K, capacity 4490K, committed 4520K, reserved 1048576K

