# JRE version: Java(TM) SE Runtime Environment (8.0_92-b14) (build 1.8.0_92-b14)
# Java VM: Java HotSpot(TM) 64-Bit Server VM (25.92-b14 mixed mode linux-amd64 compressed oops)
Heap:
 PSYoungGen      total 236544K, used 92776K [0x00000000d7100000, 0x00000000e8300000, 0x0000000100000000)
  eden space 222208K, 35% used [0x00000000d7100000,0x00000000dbd9f4f8,0x00000000e4a00000)
  from space 14336K, 99% used [0x00000000e7500000,0x00000000e82fadc8,0x00000000e8300000)
  to   space 24064K, 54% used [0x00000000e5400000,0x00000000e60ba860,0x00000000e6b80000)
 ParOldGen       total 62464K, used 36907K [0x0000000085200000, 0x0000000088f00000, 0x00000000d7100000)
  object space 62464K, 59% used [0x0000000085200000,0x000000008760acd0,0x0000000088f00000)
 Metaspace       used 34295K, capacity 35150K, committed 35496K, reserved 1081344K
  class space    used 4228K, capacity 4489K, committed 4520K, reserved 1048576K
GC Heap History (10 events):
Event: 1,821 GC heap after
Heap after GC invocations=5 (full 0):
 PSYoungGen      total 68608K, used 5104K [0x00000000d7100000, 0x00000000e0200000, 0x0000000100000000)
  eden space 63488K, 0% used [0x00000000d7100000,0x00000000d7100000,0x00000000daf00000)
  from space 5120K, 99% used [0x00000000daf00000,0x00000000db3fc050,0x00000000db400000)
  to   space 10752K, 0% used [0x00000000df780000,0x00000000df780000,0x00000000e0200000)
 ParOldGen       total 84992K, used 10659K [0x0000000085200000, 0x000000008a500000, 0x00000000d7100000)
  object space 84992K, 12% used [0x0000000085200000,0x0000000085c68f88,0x000000008a500000)
 Metaspace       used 15298K, capacity 15550K, committed 15744K, reserved 1062912K
  class space    used 1819K, capacity 1919K, committed 1920K, reserved 1048576K
}
Event: 2,405 GC heap before
{Heap before GC invocations=6 (full 0):
 PSYoungGen      total 68608K, used 68592K [0x00000000d7100000, 0x00000000e0200000, 0x0000000100000000)
  eden space 63488K, 100% used [0x00000000d7100000,0x00000000daf00000,0x00000000daf00000)
  from space 5120K, 99% used [0x00000000daf00000,0x00000000db3fc050,0x00000000db400000)
  to   space 10752K, 0% used [0x00000000df780000,0x00000000df780000,0x00000000e0200000)
 ParOldGen       total 84992K, used 10659K [0x0000000085200000, 0x000000008a500000, 0x00000000d7100000)
  object space 84992K, 12% used [0x0000000085200000,0x0000000085c68f88,0x000000008a500000)
 Metaspace       used 18547K, capacity 19078K, committed 19456K, reserved 1067008K
  class space    used 2235K, capacity 2433K, committed 2560K, reserved 1048576K
Event: 2,433 GC heap after
Heap after GC invocations=6 (full 0):
 PSYoungGen      total 136704K, used 10129K [0x00000000d7100000, 0x00000000e0400000, 0x0000000100000000)
  eden space 125952K, 0% used [0x00000000d7100000,0x00000000d7100000,0x00000000dec00000)
  from space 10752K, 94% used [0x00000000df780000,0x00000000e0164718,0x00000000e0200000)
  to   space 11776K, 0% used [0x00000000dec00000,0x00000000dec00000,0x00000000df780000)
 ParOldGen       total 84992K, used 10667K [0x0000000085200000, 0x000000008a500000, 0x00000000d7100000)
  object space 84992K, 12% used [0x0000000085200000,0x0000000085c6af88,0x000000008a500000)
 Metaspace       used 18547K, capacity 19078K, committed 19456K, reserved 1067008K
  class space    used 2235K, capacity 2433K, committed 2560K, reserved 1048576K
}
Event: 5,129 GC heap before
{Heap before GC invocations=7 (full 0):
 PSYoungGen      total 136704K, used 118470K [0x00000000d7100000, 0x00000000e0400000, 0x0000000100000000)
  eden space 125952K, 86% used [0x00000000d7100000,0x00000000ddacd248,0x00000000dec00000)
  from space 10752K, 94% used [0x00000000df780000,0x00000000e0164718,0x00000000e0200000)
  to   space 11776K, 0% used [0x00000000dec00000,0x00000000dec00000,0x00000000df780000)
 ParOldGen       total 84992K, used 10667K [0x0000000085200000, 0x000000008a500000, 0x00000000d7100000)
  object space 84992K, 12% used [0x0000000085200000,0x0000000085c6af88,0x000000008a500000)
 Metaspace       used 20423K, capacity 21092K, committed 21296K, reserved 1069056K
  class space    used 2397K, capacity 2618K, committed 2688K, reserved 1048576K
Event: 5,149 GC heap after
Heap after GC invocations=7 (full 0):
 PSYoungGen      total 137728K, used 11774K [0x00000000d7100000, 0x00000000e8300000, 0x0000000100000000)
  eden space 125952K, 0% used [0x00000000d7100000,0x00000000d7100000,0x00000000dec00000)
  from space 11776K, 99% used [0x00000000dec00000,0x00000000df77fb50,0x00000000df780000)
  to   space 14336K, 0% used [0x00000000e7500000,0x00000000e7500000,0x00000000e8300000)
 ParOldGen       total 84992K, used 12419K [0x0000000085200000, 0x000000008a500000, 0x00000000d7100000)
  object space 84992K, 14% used [0x0000000085200000,0x0000000085e20fd8,0x000000008a500000)
 Metaspace       used 20423K, capacity 21092K, committed 21296K, reserved 1069056K
  class space    used 2397K, capacity 2618K, committed 2688K, reserved 1048576K
}
Event: 5,149 GC heap before
{Heap before GC invocations=8 (full 1):
 PSYoungGen      total 137728K, used 11774K [0x00000000d7100000, 0x00000000e8300000, 0x0000000100000000)
  eden space 125952K, 0% used [0x00000000d7100000,0x00000000d7100000,0x00000000dec00000)
  from space 11776K, 99% used [0x00000000dec00000,0x00000000df77fb50,0x00000000df780000)
  to   space 14336K, 0% used [0x00000000e7500000,0x00000000e7500000,0x00000000e8300000)
 ParOldGen       total 84992K, used 12419K [0x0000000085200000, 0x000000008a500000, 0x00000000d7100000)
  object space 84992K, 14% used [0x0000000085200000,0x0000000085e20fd8,0x000000008a500000)
 Metaspace       used 20423K, capacity 21092K, committed 21296K, reserved 1069056K
  class space    used 2397K, capacity 2618K, committed 2688K, reserved 1048576K
Event: 5,200 GC heap after
Heap after GC invocations=8 (full 1):
 PSYoungGen      total 137728K, used 0K [0x00000000d7100000, 0x00000000e8300000, 0x0000000100000000)
  eden space 125952K, 0% used [0x00000000d7100000,0x00000000d7100000,0x00000000dec00000)
  from space 11776K, 0% used [0x00000000dec00000,0x00000000dec00000,0x00000000df780000)
  to   space 14336K, 0% used [0x00000000e7500000,0x00000000e7500000,0x00000000e8300000)
 ParOldGen       total 62464K, used 18010K [0x0000000085200000, 0x0000000088f00000, 0x00000000d7100000)
  object space 62464K, 28% used [0x0000000085200000,0x00000000863969f0,0x0000000088f00000)
 Metaspace       used 20423K, capacity 21092K, committed 21296K, reserved 1069056K
  class space    used 2397K, capacity 2618K, committed 2688K, reserved 1048576K
}
Event: 5,953 GC heap before
{Heap before GC invocations=9 (full 1):
 PSYoungGen      total 137728K, used 125952K [0x00000000d7100000, 0x00000000e8300000, 0x0000000100000000)
  eden space 125952K, 100% used [0x00000000d7100000,0x00000000dec00000,0x00000000dec00000)
  from space 11776K, 0% used [0x00000000dec00000,0x00000000dec00000,0x00000000df780000)
  to   space 14336K, 0% used [0x00000000e7500000,0x00000000e7500000,0x00000000e8300000)
 ParOldGen       total 62464K, used 18010K [0x0000000085200000, 0x0000000088f00000, 0x00000000d7100000)
  object space 62464K, 28% used [0x0000000085200000,0x00000000863969f0,0x0000000088f00000)
 Metaspace       used 24377K, capacity 25122K, committed 25472K, reserved 1071104K
  class space    used 2853K, capacity 3109K, committed 3200K, reserved 1048576K
Event: 5,986 GC heap after
Heap after GC invocations=9 (full 1):
 PSYoungGen      total 236544K, used 14315K [0x00000000d7100000, 0x00000000e8300000, 0x0000000100000000)
  eden space 222208K, 0% used [0x00000000d7100000,0x00000000d7100000,0x00000000e4a00000)
  from space 14336K, 99% used [0x00000000e7500000,0x00000000e82fadc8,0x00000000e8300000)
  to   space 24064K, 0% used [0x00000000e5400000,0x00000000e5400000,0x00000000e6b80000)
 ParOldGen       total 62464K, used 36899K [0x0000000085200000, 0x0000000088f00000, 0x00000000d7100000)
  object space 62464K, 59% used [0x0000000085200000,0x0000000087608cd0,0x0000000088f00000)
 Metaspace       used 24377K, capacity 25122K, committed 25472K, reserved 1071104K
  class space    used 2853K, capacity 3109K, committed 3200K, reserved 1048576K
}
Event: 36,483 GC heap before
{Heap before GC invocations=10 (full 1):
 PSYoungGen      total 236544K, used 92776K [0x00000000d7100000, 0x00000000e8300000, 0x0000000100000000)
  eden space 222208K, 35% used [0x00000000d7100000,0x00000000dbd9f4f8,0x00000000e4a00000)
  from space 14336K, 99% used [0x00000000e7500000,0x00000000e82fadc8,0x00000000e8300000)
  to   space 24064K, 0% used [0x00000000e5400000,0x00000000e5400000,0x00000000e6b80000)
 ParOldGen       total 62464K, used 36899K [0x0000000085200000, 0x0000000088f00000, 0x00000000d7100000)
  object space 62464K, 59% used [0x0000000085200000,0x0000000087608cd0,0x0000000088f00000)
 Metaspace       used 34295K, capacity 35150K, committed 35496K, reserved 1081344K
  class space    used 4228K, capacity 4489K, committed 4520K, reserved 1048576K

