# JRE version: Java(TM) SE Runtime Environment (8.0_92-b14) (build 1.8.0_92-b14)
# Java VM: Java HotSpot(TM) 64-Bit Server VM (25.92-b14 mixed mode linux-amd64 compressed oops)
Heap:
 PSYoungGen      total 271360K, used 241170K [0x00000000d7100000, 0x00000000eca80000, 0x0000000100000000)
  eden space 207360K, 100% used [0x00000000d7100000,0x00000000e3b80000,0x00000000e3b80000)
  from space 64000K, 52% used [0x00000000e8c00000,0x00000000ead04830,0x00000000eca80000)
  to   space 73216K, 46% used [0x00000000e3b80000,0x00000000e5c6ca30,0x00000000e8300000)
 ParOldGen       total 163840K, used 100767K [0x0000000085200000, 0x000000008f200000, 0x00000000d7100000)
  object space 163840K, 61% used [0x0000000085200000,0x000000008b467c88,0x000000008f200000)
 Metaspace       used 181753K, capacity 185476K, committed 185856K, reserved 1208320K
  class space    used 25154K, capacity 26242K, committed 26368K, reserved 1048576K
GC Heap History (10 events):
Event: 9256,820 GC heap after
Heap after GC invocations=73 (full 5):
 PSYoungGen      total 309760K, used 49684K [0x00000000d7100000, 0x00000000ef680000, 0x0000000100000000)
  eden space 242176K, 0% used [0x00000000d7100000,0x00000000d7100000,0x00000000e5d80000)
  from space 67584K, 73% used [0x00000000eb480000,0x00000000ee505298,0x00000000ef680000)
  to   space 78336K, 0% used [0x00000000e5d80000,0x00000000e5d80000,0x00000000eaa00000)
 ParOldGen       total 163840K, used 100660K [0x0000000085200000, 0x000000008f200000, 0x00000000d7100000)
  object space 163840K, 61% used [0x0000000085200000,0x000000008b44d3f0,0x000000008f200000)
 Metaspace       used 174316K, capacity 177886K, committed 178048K, reserved 1202176K
  class space    used 24089K, capacity 25125K, committed 25216K, reserved 1048576K
}
Event: 9293,088 GC heap before
{Heap before GC invocations=74 (full 5):
 PSYoungGen      total 309760K, used 291860K [0x00000000d7100000, 0x00000000ef680000, 0x0000000100000000)
  eden space 242176K, 100% used [0x00000000d7100000,0x00000000e5d80000,0x00000000e5d80000)
  from space 67584K, 73% used [0x00000000eb480000,0x00000000ee505298,0x00000000ef680000)
  to   space 78336K, 0% used [0x00000000e5d80000,0x00000000e5d80000,0x00000000eaa00000)
 ParOldGen       total 163840K, used 100680K [0x0000000085200000, 0x000000008f200000, 0x00000000d7100000)
  object space 163840K, 61% used [0x0000000085200000,0x000000008b4521d0,0x000000008f200000)
 Metaspace       used 175464K, capacity 179100K, committed 179200K, reserved 1204224K
  class space    used 24236K, capacity 25294K, committed 25344K, reserved 1048576K
Event: 9293,121 GC heap after
Heap after GC invocations=74 (full 5):
 PSYoungGen      total 281600K, used 48625K [0x00000000d7100000, 0x00000000ee980000, 0x0000000100000000)
  eden space 232960K, 0% used [0x00000000d7100000,0x00000000d7100000,0x00000000e5480000)
  from space 48640K, 99% used [0x00000000e5d80000,0x00000000e8cfc498,0x00000000e8d00000)
  to   space 76288K, 0% used [0x00000000e9f00000,0x00000000e9f00000,0x00000000ee980000)
 ParOldGen       total 163840K, used 100680K [0x0000000085200000, 0x000000008f200000, 0x00000000d7100000)
  object space 163840K, 61% used [0x0000000085200000,0x000000008b4521d0,0x000000008f200000)
 Metaspace       used 175464K, capacity 179100K, committed 179200K, reserved 1204224K
  class space    used 24236K, capacity 25294K, committed 25344K, reserved 1048576K
}
Event: 9417,715 GC heap before
{Heap before GC invocations=75 (full 5):
 PSYoungGen      total 281600K, used 281585K [0x00000000d7100000, 0x00000000ee980000, 0x0000000100000000)
  eden space 232960K, 100% used [0x00000000d7100000,0x00000000e5480000,0x00000000e5480000)
  from space 48640K, 99% used [0x00000000e5d80000,0x00000000e8cfc498,0x00000000e8d00000)
  to   space 76288K, 0% used [0x00000000e9f00000,0x00000000e9f00000,0x00000000ee980000)
 ParOldGen       total 163840K, used 100685K [0x0000000085200000, 0x000000008f200000, 0x00000000d7100000)
  object space 163840K, 61% used [0x0000000085200000,0x000000008b453540,0x000000008f200000)
 Metaspace       used 176579K, capacity 180194K, committed 180352K, reserved 1204224K
  class space    used 24371K, capacity 25423K, committed 25472K, reserved 1048576K
Event: 9417,754 GC heap after
Heap after GC invocations=75 (full 5):
 PSYoungGen      total 287744K, used 38987K [0x00000000d7100000, 0x00000000edd00000, 0x0000000100000000)
  eden space 224256K, 0% used [0x00000000d7100000,0x00000000d7100000,0x00000000e4c00000)
  from space 63488K, 61% used [0x00000000e9f00000,0x00000000ec512e30,0x00000000edd00000)
  to   space 74240K, 0% used [0x00000000e4c00000,0x00000000e4c00000,0x00000000e9480000)
 ParOldGen       total 163840K, used 100693K [0x0000000085200000, 0x000000008f200000, 0x00000000d7100000)
  object space 163840K, 61% used [0x0000000085200000,0x000000008b455540,0x000000008f200000)
 Metaspace       used 176579K, capacity 180194K, committed 180352K, reserved 1204224K
  class space    used 24371K, capacity 25423K, committed 25472K, reserved 1048576K
}
Event: 9525,490 GC heap before
{Heap before GC invocations=76 (full 5):
 PSYoungGen      total 287744K, used 263243K [0x00000000d7100000, 0x00000000edd00000, 0x0000000100000000)
  eden space 224256K, 100% used [0x00000000d7100000,0x00000000e4c00000,0x00000000e4c00000)
  from space 63488K, 61% used [0x00000000e9f00000,0x00000000ec512e30,0x00000000edd00000)
  to   space 74240K, 0% used [0x00000000e4c00000,0x00000000e4c00000,0x00000000e9480000)
 ParOldGen       total 163840K, used 100693K [0x0000000085200000, 0x000000008f200000, 0x00000000d7100000)
  object space 163840K, 61% used [0x0000000085200000,0x000000008b455540,0x000000008f200000)
 Metaspace       used 176627K, capacity 180314K, committed 180352K, reserved 1204224K
  class space    used 24384K, capacity 25463K, committed 25472K, reserved 1048576K
Event: 9525,523 GC heap after
Heap after GC invocations=76 (full 5):
 PSYoungGen      total 268288K, used 52348K [0x00000000d7100000, 0x00000000ed480000, 0x0000000100000000)
  eden space 215552K, 0% used [0x00000000d7100000,0x00000000d7100000,0x00000000e4380000)
  from space 52736K, 99% used [0x00000000e4c00000,0x00000000e7f1f3a0,0x00000000e7f80000)
  to   space 74240K, 0% used [0x00000000e8c00000,0x00000000e8c00000,0x00000000ed480000)
 ParOldGen       total 163840K, used 100693K [0x0000000085200000, 0x000000008f200000, 0x00000000d7100000)
  object space 163840K, 61% used [0x0000000085200000,0x000000008b455540,0x000000008f200000)
 Metaspace       used 176627K, capacity 180314K, committed 180352K, reserved 1204224K
  class space    used 24384K, capacity 25463K, committed 25472K, reserved 1048576K
}
Event: 9612,257 GC heap before
{Heap before GC invocations=77 (full 5):
 PSYoungGen      total 268288K, used 267900K [0x00000000d7100000, 0x00000000ed480000, 0x0000000100000000)
  eden space 215552K, 100% used [0x00000000d7100000,0x00000000e4380000,0x00000000e4380000)
  from space 52736K, 99% used [0x00000000e4c00000,0x00000000e7f1f3a0,0x00000000e7f80000)
  to   space 74240K, 0% used [0x00000000e8c00000,0x00000000e8c00000,0x00000000ed480000)
 ParOldGen       total 163840K, used 100743K [0x0000000085200000, 0x000000008f200000, 0x00000000d7100000)
  object space 163840K, 61% used [0x0000000085200000,0x000000008b461df0,0x000000008f200000)
 Metaspace       used 177774K, capacity 181528K, committed 181632K, reserved 1206272K
  class space    used 24532K, capacity 25632K, committed 25728K, reserved 1048576K
Event: 9612,277 GC heap after
Heap after GC invocations=77 (full 5):
 PSYoungGen      total 271360K, used 33810K [0x00000000d7100000, 0x00000000eca80000, 0x0000000100000000)
  eden space 207360K, 0% used [0x00000000d7100000,0x00000000d7100000,0x00000000e3b80000)
  from space 64000K, 52% used [0x00000000e8c00000,0x00000000ead04830,0x00000000eca80000)
  to   space 73216K, 0% used [0x00000000e3b80000,0x00000000e3b80000,0x00000000e8300000)
 ParOldGen       total 163840K, used 100751K [0x0000000085200000, 0x000000008f200000, 0x00000000d7100000)
  object space 163840K, 61% used [0x0000000085200000,0x000000008b463df0,0x000000008f200000)
 Metaspace       used 177774K, capacity 181528K, committed 181632K, reserved 1206272K
  class space    used 24532K, capacity 25632K, committed 25728K, reserved 1048576K
}
Event: 9625,785 GC heap before
{Heap before GC invocations=78 (full 5):
 PSYoungGen      total 271360K, used 241170K [0x00000000d7100000, 0x00000000eca80000, 0x0000000100000000)
  eden space 207360K, 100% used [0x00000000d7100000,0x00000000e3b80000,0x00000000e3b80000)
  from space 64000K, 52% used [0x00000000e8c00000,0x00000000ead04830,0x00000000eca80000)
  to   space 73216K, 0% used [0x00000000e3b80000,0x00000000e3b80000,0x00000000e8300000)
 ParOldGen       total 163840K, used 100759K [0x0000000085200000, 0x000000008f200000, 0x00000000d7100000)
  object space 163840K, 61% used [0x0000000085200000,0x000000008b465c88,0x000000008f200000)
 Metaspace       used 181753K, capacity 185476K, committed 185856K, reserved 1208320K
  class space    used 25154K, capacity 26242K, committed 26368K, reserved 1048576K

